<?xml version="1.0" encoding="UTF-8"?>
<!-- Generated by org.testng.reporters.JUnitReportReporter -->
<testsuite hostname="DESKTOP-G9LOSHP-K-R-ANVITH" failures="0" tests="1" name="runnerScripts.Just_Practice" time="10.760" errors="0" timestamp="2025-04-09T13:17:54 IST" skipped="0">
  <testcase classname="runnerScripts.Just_Practice" name="practice" time="10.760"/>
</testsuite> <!-- runnerScripts.Just_Practice -->
